  Failed to listen on 127.0.0.1:8000 (reason: Address already in use)

   INFO  Server running on [http://127.0.0  2026-02-13 09:20:47 / ........................
   INFO  Environment modified. Restarting server...  

   INFO  Server running on [http://127.0.0.1:8001].  

  Press Ctrl+C to stop the server

.............................. ~ 0.04ms
  2026-02-13 09:21:22 /favicon.ico ............................... ~ 500.27ms
  2026-02-13 09:21:22 /favicon.ico ................................. ~ 0.05ms
  2026-02-13 09:21:27 / ............................................ ~ 0.11ms
  2026-02-13 09:21:27 /favicon.ico ................................. ~ 1.26ms
  2026-02-13 09:22:11 / ............................................ ~ 0.09ms
  2026-02-13 09:22:11 /favicon.ico ............................... ~ 500.24ms
  2026-02-13 09:22:16 /login ....................................... ~ 0.09ms
  2026-02-13 09:22:16 /favicon.ico ................................. ~ 0.04ms
  2026-02-13 09:23:44 /login ....................................... ~ 0.10ms
  2026-02-13 09:23:44 /dashboard ................................... ~ 0.04ms
  2026-02-13 09:25:14 /dashboard ................................... ~ 0.23ms
  2026-02-13 09:25:14 /dashboard ..................................... ~ 13dt
  2026-02-13 09:25:28 /dashboard ...................................... ~ 5dt
  2026-02-13 09:25:33 /dashboard ...................................... ~ 2dt
  2026-02-13 09:25:35 /dashboard ..................................... ~ 23dt
  2026-02-13 09:25:59 /dashboard ..................................... ~ 31dt
  2026-02-13 09:26:30 ................................................ ~ 1mnt
  2026-02-13 09:27:58 /dashboard ................................... ~ 0.16ms
  2026-02-13 09:27:58 /dashboard ..................................... ~ 20dt
  2026-02-13 09:28:18 /dashboard ...................................... ~ 4dt
  2026-02-13 09:28:22 ............................................ ~ 1mnt 3dt
  2026-02-13 09:30:07 / ............................................ ~ 0.12ms
  2026-02-13 09:30:34 / ............................................ ~ 0.11ms
  2026-02-13 09:30:34 / ............................................ ~ 0.04ms
  2026-02-13 09:31:32 / ............................................ ~ 0.10ms

   INFO  Environment modified. Restarting server...  

   INFO  Server running on [http://127.0.0.1:8000].  

  Press Ctrl+C to stop the server

